{
  "summary": {
    "total_tests": 20,
    "passed_tests": 9,
    "failed_tests": 11,
    "success_rate": 45.0,
    "total_duration": 28.83,
    "total_test_cases": 42,
    "start_time": "2025-08-21T19:28:03.507737",
    "end_time": "2025-08-21T19:28:32.334013"
  },
  "test_results": [
    {
      "file": "test_share_tracking.py",
      "success": true,
      "duration": 1.26,
      "return_code": 0,
      "test_cases": 0,
      "output": "ğŸ§ª Testing Share Tracking System\n==================================================\nTesting news share tracking...\nTesting with news ID: 1\nInitial share data: {'bluesky_count': 0, 'clipboard_count': 0, 'facebook_count': 0, 'first_shared_at': '2025-08-19T10:14:13.866643', 'id': 1, 'instagram_count': 0, 'latest_shared_at': '2025-08-21T12:07:40.743600', 'news_id': 1, 'total_shares': 2, 'twitter_count': 0, 'whatsapp_count': 2}\nShare tracking response: {'message': 'Share tracked successfully'}\nUpdated share data: {'bluesky_count': 0, 'clipboard_count': 0, 'facebook_count': 0, 'first_shared_at': '2025-08-19T10:14:13.866643', 'id': 1, 'instagram_count': 0, 'latest_shared_at': '2025-08-21T12:28:03.641453', 'news_id': 1, 'total_shares': 3, 'twitter_count': 0, 'whatsapp_count': 3}\nâœ… Share tracking working: whatsapp count increased from 2 to 3\n\nTesting album share tracking...\nTesting with album ID: 1\nFailed to get album share data: 404\n\n==================================================\nğŸ“Š Test Results:\nNews Share Tracking: âœ… PASS\nAlbum Share Tracking: âŒ FAIL\n\nâš ï¸  Some share tracking tests failed!\n",
      "timestamp": "2025-08-21T19:28:04.765639"
    },
    {
      "file": "test_performance_monitoring.py",
      "success": false,
      "duration": 0.14,
      "return_code": 0,
      "test_cases": 0,
      "output": "ğŸš€ Starting Performance Monitoring Tests\n==================================================\nğŸ§ª Testing Performance Monitor Initialization...\n    âŒ Error testing performance monitor initialization: No module named 'flask'\n\nğŸ§ª Testing Request Metrics...\n    âŒ Error testing request metrics: No module named 'flask'\n\nğŸ§ª Testing System Metrics...\n  ğŸ’» Testing CPU metrics...\n    âœ… CPU metrics collection works\n  ğŸ’¾ Testing memory metrics...\n    âœ… Memory metrics collection works\n  ğŸ’¿ Testing disk metrics...\n    âœ… Disk metrics collection works\n    âœ… System metrics tests passed\n\nğŸ§ª Testing Performance Summary...\n    âŒ Error testing performance summary: No module named 'flask'\n\nğŸ§ª Testing Slow Query Detection...\n    âŒ Error testing slow query detection: No module named 'flask'\n\nğŸ§ª Testing Performance Alerts...\n    âŒ Error testing performance alerts: No module named 'flask'\n\nğŸ§ª Testing Performance Recommendations...\n    âŒ Error testing performance recommendations: No module named 'flask'\n\nğŸ§ª Testing Performance Decorators...\n    âŒ Error testing performance decorators: No module named 'flask'\n\nğŸ§ª Testing Performance Utilities...\n    âŒ Error testing performance utilities: No module named 'flask'\n\nğŸ§ª Testing Performance Thresholds...\n    âŒ Error testing performance thresholds: No module named 'flask'\n\nâœ… All performance monitoring tests completed!\n\nğŸ“‹ Test Summary:\n  - Monitor Initialization: Setup and configuration\n  - Request Metrics: Response time tracking\n  - System Metrics: CPU, memory, disk monitoring\n  - Performance Summary: Overall statistics\n  - Slow Queries: Performance bottleneck detection\n  - Performance Alerts: Automated notifications\n  - Performance Recommendations: Optimization suggestions\n  - Performance Decorators: Code-level monitoring\n  - Performance Utilities: Helper functions\n  - Performance Thresholds: Alert triggering\n\nğŸ‰ Performance monitoring system is working correctly!\n",
      "timestamp": "2025-08-21T19:28:04.908006"
    },
    {
      "file": "test_navigation_management.py",
      "success": true,
      "duration": 0.01,
      "return_code": 0,
      "test_cases": 0,
      "output": "==================================================\nNAVIGATION MANAGEMENT BULK OPERATIONS TEST\n==================================================\nTesting Navigation Management Bulk Operations...\nâœ“ API endpoints defined:\n  - /api/navigation-links\n  - /api/navigation-links/bulk-update\n  - /api/navigation-links/bulk-delete\n  - /api/navigation-links/copy\n\nTesting Bulk Operations:\nâœ“ Bulk operations implemented:\n  - Bulk Activate Links\n  - Bulk Deactivate Links\n  - Bulk Delete Links\n  - Copy Links Between Locations\n\nTesting Copy Functionality:\nâœ“ Copy features implemented:\n  - Copy from Navbar to Footer\n  - Copy from Footer to Navbar\n  - Overwrite existing links option\n  - Preview before copy\n  - Order preservation\n\nTesting UI Components:\nâœ“ UI components implemented:\n  - Bulk selection checkboxes\n  - Bulk action buttons (Activate/Deactivate/Delete)\n  - Copy links modal\n  - Bulk delete confirmation modal\n  - Selection counter\n  - Clear selection button\n\n==================================================\nâœ… ALL TESTS PASSED - Bulk operations should work correctly!\n==================================================\n",
      "timestamp": "2025-08-21T19:28:04.921929"
    },
    {
      "file": "test_subscription_system.py",
      "success": false,
      "duration": 0.03,
      "return_code": 1,
      "test_cases": 0,
      "output": "Traceback (most recent call last):\n  File \"/home/azzar/project/exposeur/test/test_subscription_system.py\", line 17, in <module>\n    spec.loader.exec_module(main)\n    ~~~~~~~~~~~~~~~~~~~~~~~^^^^^^\n  File \"<frozen importlib._bootstrap_external>\", line 1026, in exec_module\n  File \"<frozen importlib._bootstrap>\", line 488, in _call_with_frames_removed\n  File \"/home/azzar/project/exposeur/main.py\", line 1, in <module>\n    from flask import (\n    ...<5 lines>...\n    )\nModuleNotFoundError: No module named 'flask'\n",
      "timestamp": "2025-08-21T19:28:04.952438"
    },
    {
      "file": "test_comprehensive_endpoints.py",
      "success": true,
      "duration": 23.7,
      "return_code": 0,
      "test_cases": 0,
      "output": "ğŸ§ª Comprehensive Endpoint Testing Suite\n==================================================\nTesting all fixed endpoints with different user roles\nBase URL: http://localhost:5000\nTime: 2025-08-21 19:28:05\n==================================================\n\nğŸ§ª Testing Comment Moderation Endpoints...\n  ğŸ“ Testing without login...\n    âŒ Comment moderation page (no login): 200 (expected [302, 403])\n    âŒ Approve comment (no login): 200 (expected [302, 403])\n    âŒ Reject comment (no login): 200 (expected [302, 403])\n    âŒ Mark comment as spam (no login): 200 (expected [302, 403])\n    âŒ Delete comment (no login): 200 (expected [302, 403])\nğŸ” Logging in as testuser_reg (GENERAL)...\nâŒ Login failed for testuser_reg\nğŸ” Logging in as admin0 (ADMIN)...\nâœ… Login successful as admin0\n  ğŸ“ Testing with admin user...\n    âœ… Comment moderation page (admin): 200\n    âœ… Approve comment (admin): 200\n    âœ… Reject comment (admin): 200\n    âœ… Mark comment as spam (admin): 200\n    âœ… Delete comment (admin): 200\nğŸ”“ Logged out admin\nğŸ” Logging in as suadmin (SUPERUSER)...\nâœ… Login successful as suadmin\n  ğŸ“ Testing with superuser...\n    âœ… Comment moderation page (superuser): 200\n    âœ… Approve comment (superuser): 200\n    âœ… Reject comment (superuser): 200\n    âœ… Mark comment as spam (superuser): 200\n    âœ… Delete comment (superuser): 200\nğŸ”“ Logged out superuser\n\nğŸ§ª Testing Rating Management Endpoints...\n  â­ Testing without login...\n    âŒ Rating management page (no login): 200 (expected [302, 403])\n    âŒ Rating analytics page (no login): 200 (expected [302, 403])\n    âŒ Delete rating (no login): 200 (expected [302, 403])\nğŸ” Logging in as testuser_reg (GENERAL)...\nâŒ Login failed for testuser_reg\nğŸ” Logging in as admin0 (ADMIN)...\nâœ… Login successful as admin0\n  â­ Testing with admin user...\n    âœ… Rating management page (admin): 200\n    âœ… Rating analytics page (admin): 200\n    âŒ Delete rating (admin): 500 (expected [200, 403, 404])\nğŸ”“ Logged out admin\nğŸ” Logging in as suadmin (SUPERUSER)...\nâœ… Login successful as suadmin\n  â­ Testing with superuser...\n    âœ… Rating management page (superuser): 200\n    âœ… Rating analytics page (superuser): 200\n    âŒ Delete rating (superuser): 500 (expected [200, 403, 404])\nğŸ”“ Logged out superuser\n\nğŸ§ª Testing Ads Management Endpoints...\n  ğŸ“¢ Testing without login...\n    âŒ Ads dashboard (no login): 200 (expected [302, 403])\n    âŒ Campaigns list (no login): 200 (expected [302, 403])\n    âŒ Ads list (no login): 200 (expected [302, 403])\n    âŒ Placements list (no login): 200 (expected [302, 403])\n    âŒ Ads analytics (no login): 200 (expected [302, 403])\nğŸ” Logging in as testuser_reg (GENERAL)...\nâŒ Login failed for testuser_reg\nğŸ” Logging in as admin0 (ADMIN)...\nâœ… Login successful as admin0\n  ğŸ“¢ Testing with admin user...\n    âœ… Ads dashboard (admin): 200\n    âœ… Campaigns list (admin): 200\n    âœ… Ads list (admin): 200\n    âœ… Placements list (admin): 200\n    âœ… Ads analytics (admin): 200\nğŸ”“ Logged out admin\nğŸ” Logging in as suadmin (SUPERUSER)...\nâœ… Login successful as suadmin\n  ğŸ“¢ Testing with superuser...\n    âœ… Ads dashboard (superuser): 200\n    âœ… Campaigns list (superuser): 200\n    âœ… Ads list (superuser): 200\n    âœ… Placements list (superuser): 200\n    âœ… Ads analytics (superuser): 200\nğŸ”“ Logged out superuser\n\nğŸ§ª Testing Analytics Endpoints...\n  ğŸ“Š Testing without login...\n    âŒ Performance dashboard (no login): 200 (expected [302, 403])\n    âŒ Asset optimization (no login): 200 (expected [302, 403])\n    âŒ SSR optimization (no login): 200 (expected [302, 403])\n    âŒ Visitor stats API (no login): 200 (expected [302, 403])\n    âŒ Content analytics API (no login): 200 (expected [302, 403])\nğŸ” Logging in as testuser_reg (GENERAL)...\nâŒ Login failed for testuser_reg\nğŸ” Logging in as admin0 (ADMIN)...\nâœ… Login successful as admin0\n  ğŸ“Š Testing with admin user...\n    âœ… Performance dashboard (admin): 200\n    âœ… Asset optimization (admin): 200\n    âœ… SSR optimization (admin): 200\n    âœ… Visitor stats API (admin): 200\n    âœ… Content analytics API (admin): 200\nğŸ”“ Logged out admin\nğŸ” Logging in as suadmin (SUPERUSER)...\nâœ… Login successful as suadmin\n  ğŸ“Š Testing with superuser...\n    âœ… Performance dashboard (superuser): 200\n    âœ… Asset optimization (superuser): 200\n    âœ… SSR optimization (superuser): 200\n    âœ… Visitor stats API (superuser): 200\n    âœ… Content analytics API (superuser): 200\nğŸ”“ Logged out superuser\n\nğŸ§ª Testing User Management Endpoints...\n  ğŸ‘¥ Testing without login...\n    âŒ User management page (no login): 200 (expected [302, 403])\n    âŒ Users API (no login): 200 (expected [302, 403])\n    âŒ Pending registrations API (no login): 200 (expected [302, 403])\nğŸ” Logging in as testuser_reg (GENERAL)...\nâŒ Login failed for testuser_reg\nğŸ” Logging in as admin0 (ADMIN)...\nâœ… Login successful as admin0\n  ğŸ‘¥ Testing with admin user...\n    âœ… User management page (admin): 200\n    âœ… Users API (admin): 200\n    âœ… Pending registrations API (admin): 200\nğŸ”“ Logged out admin\nğŸ” Logging in as suadmin (SUPERUSER)...\nâœ… Login successful as suadmin\n  ğŸ‘¥ Testing with superuser...\n    âœ… User management page (superuser): 200\n    âœ… Users API (superuser): 200\n    âœ… Pending registrations API (superuser): 200\nğŸ”“ Logged out superuser\n\nğŸ§ª Testing Subscription Endpoints...\n  ğŸ’³ Testing without login...\n    âŒ Admin subscriptions API (no login): 200 (expected [302, 403])\nğŸ” Logging in as testuser_reg (GENERAL)...\nâŒ Login failed for testuser_reg\nğŸ” Logging in as admin0 (ADMIN)...\nâœ… Login successful as admin0\n  ğŸ’³ Testing with admin user...\n    âŒ Admin subscriptions API (admin): 500 (expected [200, 302])\nğŸ”“ Logged out admin\nğŸ” Logging in as suadmin (SUPERUSER)...\nâœ… Login successful as suadmin\n  ğŸ’³ Testing with superuser...\n    âŒ Admin subscriptions API (superuser): 500 (expected [200, 302])\nğŸ”“ Logged out superuser\n\nğŸ§ª Testing SEO Management Endpoints...\n  ğŸ” Testing without login...\n    âŒ Root SEO management (no login): 200 (expected [302, 403])\nğŸ” Logging in as testuser_reg (GENERAL)...\nâŒ Login failed for testuser_reg\nğŸ” Logging in as admin0 (ADMIN)...\nâœ… Login successful as admin0\n  ğŸ” Testing with admin user...\n    âœ… Root SEO management (admin): 200\nğŸ”“ Logged out admin\nğŸ” Logging in as suadmin (SUPERUSER)...\nâœ… Login successful as suadmin\n  ğŸ” Testing with superuser...\n    âœ… Root SEO management (superuser): 200\nğŸ”“ Logged out superuser\n\n==================================================\nâœ… Comprehensive endpoint testing completed!\n==================================================\n",
      "timestamp": "2025-08-21T19:28:28.648676"
    },
    {
      "file": "test_comment_rating_system.py",
      "success": true,
      "duration": 0.45,
      "return_code": 0,
      "test_cases": 8,
      "output": "ğŸš€ Starting Comment and Rating System Tests\n==================================================\nğŸ§ª Testing Comment System...\n  ğŸ“ Testing GET comments for news...\n    âœ… Success: Found 1 comments\n  ğŸ“ Testing GET comments for album...\n    âœ… Success: Found 8 comments\n\nğŸ§ª Testing Rating System...\n  â­ Testing GET ratings for news...\n    âœ… Success: Average rating 2.67\n  â­ Testing GET ratings for album...\n    âœ… Success: Average rating 3.75\n  ğŸ“Š Testing GET rating statistics...\n    âœ… Success: Total ratings 5380\n\nğŸ§ª Testing Admin Endpoints...\n  ğŸ‘¨â€ğŸ’¼ Testing admin comments page...\n    âœ… Success: Admin comments page accessible\n  ğŸ‘¨â€ğŸ’¼ Testing admin ratings page...\n    âœ… Success: Admin ratings page accessible\n  ğŸ“ˆ Testing rating analytics page...\n    âœ… Success: Rating analytics page accessible\n\nâœ… All tests completed!\n\nğŸ“‹ Test Summary:\n  - Comment system: API endpoints working\n  - Rating system: API endpoints working\n  - Admin interfaces: Accessible\n\nğŸ‰ Comment and Rating System is ready to use!\n",
      "timestamp": "2025-08-21T19:28:29.096242"
    },
    {
      "file": "test_weighted_rating_system.py",
      "success": false,
      "duration": 0.03,
      "return_code": 1,
      "test_cases": 0,
      "output": "Traceback (most recent call last):\n  File \"/home/azzar/project/exposeur/test/test_weighted_rating_system.py\", line 4, in <module>\n    import pytest\nModuleNotFoundError: No module named 'pytest'\n",
      "timestamp": "2025-08-21T19:28:29.130868"
    },
    {
      "file": "test_redis_connection.py",
      "success": true,
      "duration": 0.02,
      "return_code": 0,
      "test_cases": 0,
      "output": "ğŸ”§ Redis Connection Test\n========================================\n\nğŸ” Checking Redis configuration:\nâš ï¸  Config reader not available, using environment variables\nğŸ“‹ Current Redis Configuration:\n========================================\nconnection_type: socket\nsocket_path: /home/username/.redis/redis.sock\nhost: localhost\nport: 6379\npassword: None\nsocket_connect_timeout: 2\nsocket_timeout: 2\ntcp_connect_timeout: 2\ntcp_timeout: 2\n========================================\n\nğŸ§ª Testing Redis connection...\nâŒ Redis module not installed\n\nâš ï¸  Redis is not available\nThe application will use simple in-memory caching as fallback.\n\nğŸ’¡ Solutions:\n1. Edit the configuration file:\n   - Open config/redis_config.txt\n   - Modify REDIS_SOCKET path for your server\n   - Change CONNECTION_TYPE if needed\n\n2. Common socket paths:\n   - DirectAdmin: /home/username/.redis/redis.sock\n   - cPanel: /home/username/.redis/redis.sock\n   - VPS: /var/run/redis/redis.sock\n\n3. For TCP connection:\n   - Set CONNECTION_TYPE=tcp\n   - Configure REDIS_HOST and REDIS_PORT\n\n4. The application will automatically fall back to simple caching\n   when Redis is not available (no action needed)\n\n5. For DirectAdmin hosting:\n   - Contact your hosting provider to enable Redis\n   - Or use a managed Redis service (Redis Cloud, AWS ElastiCache, etc.)\n",
      "timestamp": "2025-08-21T19:28:29.147469"
    },
    {
      "file": "test_authentication.py",
      "success": true,
      "duration": 0.9,
      "return_code": 0,
      "test_cases": 15,
      "output": "ğŸš€ Starting Authentication System Tests\n==================================================\nğŸ§ª Testing User Registration...\n  ğŸ“ Testing successful registration...\n    âŒ Failed: 200\n  ğŸ“ Testing duplicate username...\n    âœ… Success: Duplicate username properly rejected\n  ğŸ“ Testing duplicate email...\n    âœ… Success: Duplicate email properly rejected\n\nğŸ§ª Testing Login/Logout...\n  ğŸ” Testing login with valid credentials...\n    âŒ Failed: 200\n  ğŸ” Testing login with invalid credentials...\n    âœ… Success: Invalid credentials properly rejected\n  ğŸ” Testing logout...\n    âŒ Failed: 200\n\nğŸ§ª Testing Password Change...\n  ğŸ” Testing password change...\n    âœ… Success: Password change endpoint accessible\n\nğŸ§ª Testing Account Deletion...\n  ğŸ—‘ï¸ Testing account deletion...\n    âœ… Success: Account deletion endpoint accessible\n\nğŸ§ª Testing Admin Registration Approval...\n  ğŸ‘¨â€ğŸ’¼ Testing get pending registrations...\n    âœ… Success: Pending registrations endpoint accessible\n  ğŸ‘¨â€ğŸ’¼ Testing approve registration...\n    âœ… Success: Approve registration endpoint accessible\n  ğŸ‘¨â€ğŸ’¼ Testing reject registration...\n    âœ… Success: Reject registration endpoint accessible\n  ğŸ‘¨â€ğŸ’¼ Testing bulk approve registrations...\n    âœ… Success: Bulk approve endpoint accessible\n  ğŸ‘¨â€ğŸ’¼ Testing bulk reject registrations...\n    âœ… Success: Bulk reject endpoint accessible\n\nğŸ§ª Testing Security Features...\n  ğŸ›¡ï¸ Testing CSRF protection...\n    âŒ Failed: 500\n  ğŸ›¡ï¸ Testing rate limiting...\n    âœ… Success: Rate limiting active\n\nâœ… All authentication tests completed!\n\nğŸ“‹ Test Summary:\n  - Registration: User registration and validation\n  - Login/Logout: Authentication flow\n  - Password Management: Change and reset functionality\n  - Account Management: Deletion and security\n  - Admin Functions: Registration approval/rejection\n  - Security: CSRF and rate limiting\n\nğŸ‰ Authentication system is ready for production!\n",
      "timestamp": "2025-08-21T19:28:30.044903"
    },
    {
      "file": "test_cache_system.py",
      "success": false,
      "duration": 0.03,
      "return_code": 0,
      "test_cases": 0,
      "output": "ğŸš€ Starting Cache System Tests\n==================================================\nğŸ§ª Testing Redis Connection...\n    âŒ Error testing Redis connection: No module named 'flask'\n\nğŸ§ª Testing Cache Configuration...\n    âŒ Error testing cache configuration: No module named 'flask'\n\nğŸ§ª Testing Query Caching...\n    âŒ Error testing query caching: No module named 'flask'\n\nğŸ§ª Testing Cache Decorators...\n    âŒ Error testing cache decorators: No module named 'flask'\n\nğŸ§ª Testing Cache Invalidation...\n    âŒ Error testing cache invalidation: No module named 'flask'\n\nğŸ§ª Testing Cache Performance...\n    âŒ Error testing cache performance: No module named 'flask'\n\nğŸ§ª Testing Cache Fallback...\n    âŒ Error testing cache fallback: No module named 'flask'\n\nğŸ§ª Testing Cache Statistics...\n    âŒ Error testing cache statistics: No module named 'flask'\n\nğŸ§ª Testing Cache Compression...\n    âŒ Error testing cache compression: No module named 'flask'\n\nğŸ§ª Testing Cache Security...\n    âŒ Error testing cache security: No module named 'flask'\n\nğŸ§ª Testing Cache Error Handling...\n    âŒ Error testing cache error handling: No module named 'flask'\n\nâœ… All cache system tests completed!\n\nğŸ“‹ Test Summary:\n  - Redis Connection: Basic Redis operations\n  - Cache Configuration: Settings and client creation\n  - Query Caching: Data caching and retrieval\n  - Cache Decorators: Function-level caching\n  - Cache Invalidation: Time-based and manual clearing\n  - Cache Performance: Speed improvements\n  - Cache Fallback: In-memory fallback when Redis is down\n  - Cache Statistics: Hit rates and monitoring\n  - Cache Compression: Large data handling\n  - Cache Security: Sensitive data protection\n  - Cache Error Handling: Exception management\n\nğŸ‰ Cache system is working correctly!\n",
      "timestamp": "2025-08-21T19:28:30.076069"
    },
    {
      "file": "test_user_management.py",
      "success": true,
      "duration": 0.8,
      "return_code": 0,
      "test_cases": 19,
      "output": "ğŸš€ Starting User Management System Tests\n==================================================\nğŸ§ª Testing User CRUD Operations...\n  ğŸ‘¥ Testing get all users...\n    âœ… Success: Get users endpoint accessible\n  ğŸ‘¥ Testing update user...\n    âœ… Success: Update user endpoint accessible\n  ğŸ‘¥ Testing delete user...\n    âœ… Success: Delete user endpoint accessible\n\nğŸ§ª Testing User Verification...\n  âœ… Testing toggle user verification...\n    âœ… Success: Toggle verification endpoint accessible\n  âœ… Testing get verified users settings...\n    âœ… Success: Verified users settings endpoint accessible\n\nğŸ§ª Testing User Status Management...\n  ğŸ”„ Testing toggle user status...\n    âœ… Success: Toggle status endpoint accessible\n\nğŸ§ª Testing Role Management...\n  ğŸ‘‘ Testing get user role...\n    âœ… Success: Get user role endpoint accessible\n\nğŸ§ª Testing Bulk Operations...\n  ğŸ”„ Testing bulk update user status...\n    âœ… Success: Bulk status update endpoint accessible\n  ğŸ‘‘ Testing bulk assign role...\n    âœ… Success: Bulk role assignment endpoint accessible\n  âœ… Testing bulk verify users...\n    âœ… Success: Bulk verify endpoint accessible\n  â¸ï¸ Testing bulk suspend users...\n    âœ… Success: Bulk suspend endpoint accessible\n  ğŸ—‘ï¸ Testing bulk delete users...\n    âœ… Success: Bulk delete endpoint accessible\n  ğŸ“¤ Testing bulk export users...\n    âœ… Success: Bulk export endpoint accessible\n\nğŸ§ª Testing Performance Tracking...\n  ğŸ“Š Testing get user performance...\n    âœ… Success: User performance endpoint accessible\n  ğŸ† Testing get performance leaderboard...\n    âœ… Success: Performance leaderboard endpoint accessible\n  ğŸ“ˆ Testing get performance report...\n    âœ… Success: Performance report endpoint accessible\n  ğŸ“¤ Testing export performance report...\n    âœ… Success: Export performance report endpoint accessible\n  ğŸ“¤ Testing export user performance...\n    âœ… Success: Export user performance endpoint accessible\n\nğŸ§ª Testing Permission System...\n  ğŸ”’ Testing admin-only endpoints...\n    âœ… Success: Admin access granted\n  ğŸ”’ Testing superuser protection...\n    âŒ Unexpected: 200\n\nâœ… All user management tests completed!\n\nğŸ“‹ Test Summary:\n  - CRUD Operations: Create, read, update, delete users\n  - Verification: User verification system\n  - Status Management: User activation/deactivation\n  - Role Management: Role assignment and permissions\n  - Bulk Operations: Mass user operations\n  - Performance Tracking: User analytics and reports\n  - Permission System: Access control and security\n\nğŸ‰ User management system is ready for production!\n",
      "timestamp": "2025-08-21T19:28:30.878626"
    },
    {
      "file": "test_ads_system.py",
      "success": true,
      "duration": 0.35,
      "return_code": 0,
      "test_cases": 0,
      "output": "ğŸš€ Starting Ads System Tests\n==================================================\nğŸ§ª Testing Ads API Endpoints...\n  ğŸ“¡ Testing ads API...\n    âœ… API working: 0 ads found\n  ğŸ—„ï¸ Testing ads dashboard...\n    âœ… Ads dashboard accessible\n\nğŸ§ª Testing Ads Injection System...\n  ğŸ“„ Testing page: /\n    âœ… API Response: 0 ads found\n  ğŸ“„ Testing page: /news\n    âœ… API Response: 0 ads found\n  ğŸ“„ Testing page: /albums\n    âœ… API Response: 0 ads found\n\nğŸ§ª Testing Ads Campaigns...\n  ğŸ¯ Testing campaigns endpoint...\n    âœ… Campaigns page accessible\n  ğŸ“¢ Testing ads management...\n    âœ… Ads management page accessible\n\nğŸ§ª Testing Ads Placements...\n  ğŸ“ Testing placements endpoint...\n    âœ… Placements page accessible\n  ğŸ“Š Testing analytics endpoint...\n    âœ… Analytics page accessible\n\nğŸ§ª Testing Ads Performance...\n  âš¡ Testing response time...\n    âœ… API response time: 0.003s\n    âœ… Response time is acceptable (< 1s)\n\nğŸ§ª Testing Ads Error Handling...\n  âš ï¸ Testing invalid page type...\n    âš ï¸ Invalid page type not properly handled\n  âš ï¸ Testing missing parameters...\n    âš ï¸ Missing parameters returned: 200\n\nâœ… All ads system tests completed!\n\nğŸ“‹ Test Summary:\n  - API Endpoints: Basic ads API functionality\n  - Injection System: Ads injection across different pages\n  - Campaigns: Campaign management functionality\n  - Placements: Placement management and analytics\n  - Performance: Response time and performance testing\n  - Error Handling: Invalid inputs and error scenarios\n\nğŸŒ Manual Testing Instructions:\n  1. Visit http://localhost:5000 and refresh multiple times\n  2. Check browser console (F12) for ads injection logs\n  3. Look for ads in different positions and sections\n  4. Test on different devices (mobile/desktop)\n  5. Visit /ads/dashboard for admin interface\n  6. Visit /ads/analytics for performance metrics\n\nğŸ‰ Ads system is ready for testing!\n",
      "timestamp": "2025-08-21T19:28:31.223697"
    },
    {
      "file": "test_premium_content_system.py",
      "success": false,
      "duration": 0.04,
      "return_code": 1,
      "test_cases": 0,
      "output": "Traceback (most recent call last):\n  File \"/home/azzar/project/exposeur/test/test_premium_content_system.py\", line 16, in <module>\n    from flask import Flask\nModuleNotFoundError: No module named 'flask'\n",
      "timestamp": "2025-08-21T19:28:31.262753"
    },
    {
      "file": "test_user_account_management.py",
      "success": false,
      "duration": 0.04,
      "return_code": 1,
      "test_cases": 0,
      "output": "Traceback (most recent call last):\n  File \"/home/azzar/project/exposeur/test/test_user_account_management.py\", line 7, in <module>\n    import pytest\nModuleNotFoundError: No module named 'pytest'\n",
      "timestamp": "2025-08-21T19:28:31.301973"
    },
    {
      "file": "test_unified_news.py",
      "success": true,
      "duration": 0.85,
      "return_code": 0,
      "test_cases": 0,
      "output": "Testing unified news API...\n==================================================\nâœ… General news: PASSED\n   - Type: general\n   - Total count: 2339\n   - Results: 12\n\nâœ… Hypes (popular content): PASSED\n   - Type: hypes\n   - Total count: 2335\n   - Results: 12\n\nâœ… Articles only: PASSED\n   - Type: articles\n   - Total count: 728\n   - Results: 12\n\nâœ… Utama (main news): PASSED\n   - Type: utama\n   - Total count: 225\n   - Results: 12\n\nâœ… Search with query: PASSED\n   - Type: general\n   - Total count: 618\n   - Results: 12\n\nâœ… Category filter: PASSED\n   - Type: general\n   - Total count: 100\n   - Results: 12\n\nâœ… Tag filter: PASSED\n   - Type: general\n   - Total count: 9\n   - Results: 9\n\nâœ… Sort by popularity: PASSED\n   - Type: general\n   - Total count: 2339\n   - Results: 12\n\nTesting URL redirects...\n==================================================\nâŒ Redirect /hypes: FAILED\n   - Expected: /news?type=hypes\n   - Got: /news?type=news\n\nâœ… Redirect /articles: PASSED\n   - Redirects to: /news?type=articles\n\nâœ… Redirect /utama: PASSED\n   - Redirects to: /news?type=utama\n\nâœ… Redirect /search?q=test: PASSED\n   - Redirects to: /news?q=test\n\nâœ… Redirect /search?category=tech: PASSED\n   - Redirects to: /news?category=tech\n\nâœ… Redirect /search?tag=news: PASSED\n   - Redirects to: /news?tag=news\n\n",
      "timestamp": "2025-08-21T19:28:32.152321"
    },
    {
      "file": "test_brand_image_optimization.py",
      "success": false,
      "duration": 0.06,
      "return_code": 1,
      "test_cases": 0,
      "output": "ğŸ§ª Testing Brand Image Optimization...\nTraceback (most recent call last):\n  File \"/home/azzar/project/exposeur/test/test_brand_image_optimization.py\", line 162, in <module>\n    test_brand_image_optimization()\n    ~~~~~~~~~~~~~~~~~~~~~~~~~~~~~^^\n  File \"/home/azzar/project/exposeur/test/test_brand_image_optimization.py\", line 46, in test_brand_image_optimization\n    from routes.routes_helper import save_brand_asset_file\n  File \"/home/azzar/project/exposeur/routes/__init__.py\", line 1, in <module>\n    from .common_imports import *\n  File \"/home/azzar/project/exposeur/routes/common_imports.py\", line 1, in <module>\n    from flask import (\n    ...<10 lines>...\n    )\nModuleNotFoundError: No module named 'flask'\n",
      "timestamp": "2025-08-21T19:28:32.209410"
    },
    {
      "file": "test_database_models.py",
      "success": false,
      "duration": 0.03,
      "return_code": 1,
      "test_cases": 0,
      "output": "Traceback (most recent call last):\n  File \"/home/azzar/project/exposeur/test/test_database_models.py\", line 9, in <module>\n    import pytest\nModuleNotFoundError: No module named 'pytest'\n",
      "timestamp": "2025-08-21T19:28:32.241240"
    },
    {
      "file": "test_asset_optimization_dashboard.py",
      "success": false,
      "duration": 0.03,
      "return_code": 1,
      "test_cases": 0,
      "output": "Traceback (most recent call last):\n  File \"/home/azzar/project/exposeur/test/test_asset_optimization_dashboard.py\", line 10, in <module>\n    from optimizations.asset_optimization import get_asset_optimizer, get_asset_stats\n  File \"/home/azzar/project/exposeur/optimizations/__init__.py\", line 6, in <module>\n    from .cache_config import (\n    ...<9 lines>...\n    )\n  File \"/home/azzar/project/exposeur/optimizations/cache_config.py\", line 8, in <module>\n    from flask import request, current_app\nModuleNotFoundError: No module named 'flask'\n",
      "timestamp": "2025-08-21T19:28:32.270768"
    },
    {
      "file": "test_seo_leveling.py",
      "success": false,
      "duration": 0.03,
      "return_code": 1,
      "test_cases": 0,
      "output": "Traceback (most recent call last):\n  File \"/home/azzar/project/exposeur/test/test_seo_leveling.py\", line 14, in <module>\n    from main import app\n  File \"/home/azzar/project/exposeur/main.py\", line 1, in <module>\n    from flask import (\n    ...<5 lines>...\n    )\nModuleNotFoundError: No module named 'flask'\n",
      "timestamp": "2025-08-21T19:28:32.301306"
    },
    {
      "file": "test_ads_premium_detector.py",
      "success": false,
      "duration": 0.03,
      "return_code": 1,
      "test_cases": 0,
      "output": "Traceback (most recent call last):\n  File \"/home/azzar/project/exposeur/test/test_ads_premium_detector.py\", line 17, in <module>\n    from flask import Flask\nModuleNotFoundError: No module named 'flask'\n",
      "timestamp": "2025-08-21T19:28:32.333415"
    }
  ]
}